0 info it worked if it ends with ok
1 verbose cli [ 'C:\\Program Files\\nodejs\\node.exe',
1 verbose cli   'C:\\Program Files\\nodejs\\node_modules\\npm\\bin\\npm-cli.js',
1 verbose cli   'run',
1 verbose cli   'serve' ]
2 info using npm@3.3.12
3 info using node@v5.5.0
4 verbose run-script [ 'preserve', 'serve', 'postserve' ]
5 info lifecycle my_project@0.1.0~preserve: my_project@0.1.0
6 silly lifecycle my_project@0.1.0~preserve: no script for preserve, continuing
7 info lifecycle my_project@0.1.0~serve: my_project@0.1.0
8 verbose lifecycle my_project@0.1.0~serve: unsafe-perm in lifecycle true
9 verbose lifecycle my_project@0.1.0~serve: PATH: C:\Users\zsqhs\AppData\Roaming\nvm\v5.5.0\node_modules\npm\bin\node-gyp-bin;E:\workspace\code\test\my_project\node_modules\.bin;D:\xshell\;C:\Program Files\Java\jdk1.8.0_171\bin;D:\git\Git\cmd;C:\Users\zsqhs\AppData\Roaming\nvm;C:\Program Files\nodejs;C:\Windows\System32;;C:\WINDOWS;C:\WINDOWS\system32\wbem;C:\Users\zsqhs\AppData\Local\Microsoft\WindowsApps;D:\maven\apache-maven-3.3.9\bin;C:\Program Files\Java\jdk1.8.0_171;D:\vs code\Microsoft VS Code\bin;C:\Users\zsqhs\AppData\Roaming\nvm;C:\Program Files\nodejs
10 verbose lifecycle my_project@0.1.0~serve: CWD: E:\workspace\code\test\my_project
11 silly lifecycle my_project@0.1.0~serve: Args: [ '/d /s /c', 'vue-cli-service serve' ]
12 silly lifecycle my_project@0.1.0~serve: Returned: code: 1  signal: null
13 info lifecycle my_project@0.1.0~serve: Failed to exec serve script
14 verbose stack Error: my_project@0.1.0 serve: `vue-cli-service serve`
14 verbose stack Exit status 1
14 verbose stack     at EventEmitter.<anonymous> (C:\Users\zsqhs\AppData\Roaming\nvm\v5.5.0\node_modules\npm\lib\utils\lifecycle.js:232:16)
14 verbose stack     at emitTwo (events.js:100:13)
14 verbose stack     at EventEmitter.emit (events.js:185:7)
14 verbose stack     at ChildProcess.<anonymous> (C:\Users\zsqhs\AppData\Roaming\nvm\v5.5.0\node_modules\npm\lib\utils\spawn.js:24:14)
14 verbose stack     at emitTwo (events.js:100:13)
14 verbose stack     at ChildProcess.emit (events.js:185:7)
14 verbose stack     at maybeClose (internal/child_process.js:821:16)
14 verbose stack     at Process.ChildProcess._handle.onexit (internal/child_process.js:211:5)
15 verbose pkgid my_project@0.1.0
16 verbose cwd E:\workspace\code\test\my_project
17 error Windows_NT 10.0.17134
18 error argv "C:\\Program Files\\nodejs\\node.exe" "C:\\Program Files\\nodejs\\node_modules\\npm\\bin\\npm-cli.js" "run" "serve"
19 error node v5.5.0
20 error npm  v3.3.12
21 error code ELIFECYCLE
22 error my_project@0.1.0 serve: `vue-cli-service serve`
22 error Exit status 1
23 error Failed at the my_project@0.1.0 serve script 'vue-cli-service serve'.
23 error Make sure you have the latest version of node.js and npm installed.
23 error If you do, this is most likely a problem with the my_project package,
23 error not with npm itself.
23 error Tell the author that this fails on your system:
23 error     vue-cli-service serve
23 error You can get their info via:
23 error     npm owner ls my_project
23 error There is likely additional logging output above.
24 verbose exit [ 1, true ]
